
--- Processing CC Page (Fallback) ---
GSTIN of SBI Card : 06AAECS5981K1ZV Stmt/Debit Note/Credit Note/Tax Invoice (ORIGINAL FOR RECIPIENT)
VEERAMALLA NAGARJUNA Credit Card Number
XXXX XXXX XXXX XX94
*Total Amount Due ( ` )
1.00
PLACE OF SUPPLY : TEL/36/TELANGANA
**Minimum Amount Due( ` )
STMT No. : B25120897664
CKYC No. : 60093118300241 0.00
Credit Limit( ` ) (including cash) Cash Limit( ` )(as part of credit limit) Statement Date
1,15,000.00 34,500.00 06 Dec 2025
Available Credit Limit ( ` ) Available Cash Limit ( ` ) Payment Due Date
1,14,999.15 34,500.00 26 Dec 2025
ACCOUNT SUMMARY
Additions
Payments,
Previous Balance Reversals & other Purchases & Other Fee, Taxes & Total Outstanding
( ` ) Credits ( ` ) Debits ( ` ) Interest Charges( ` ) ( ` )
36,088.85 36,089.00 1.00 0.00 1.00
SHOP & SMILE SUMMARY
Redeemed/Expired
Previous Balance Earned /Forfeited Closing Balance Points Expiry Details
2975 0 0 2975 NONE
Date Transaction Details Amount ( ` )
for Statement Period: 07 Nov 25 to 06 Dec 25
25 Nov 25 PAYMENT RECEIVED 000DP0
----------------------------------

--- Processing CC Page (Fallback) ---
SAVINGS AND BENEFITS SECTION
For this statement For this year From the card issue date
Cash Back( ` )# 0.00 0.00 0.00
Petrol Surcharge Waiver( ` )# 0.00 0.00 0.00
Reward Points 0 5442 64724
# with effect from transactions dated 17-Nov-2011.
Treatment of EMI benefits / services availed by the cardholder Instant information 24X7, by just sending an SMS to 5676791
once the account turns NPA :
A day after the statement is generated post account Simply
Balance Enquiry: Available Credit & Cash limit:
classification as NPA, all EMI plans (excluding restructured plans) SMS
BAL XXXX AVAIL XXXX
available on the account shall be closed & the principal
outstanding along with the outstanding interest accrued till the Hotlist Lost/Stolen Card: Last Payment Status:
date of such EMI plans shall be debited to the Credit Card BLOCK XXXX PAYMENT XXXX
Account & appear in the subsequent monthly statement. SBI Card Reward Point Summary: Subscribe to Estatement:
shall be entitled to demand immediate repaymen
----------------------------------

--- Processing CC Page (Fallback) ---

----------------------------------

--- Processing CC Page (Fallback) ---

----------------------------------

--- Processing CC Page (Fallback) ---
Schedule of Charges
Annual
Credit Card Name Renewal Fee (Rs.)
Fee (Rs.)
9,999 (Waived off on annual spends of 12 Lakh or more
AURUM 9,999
in the preceding year)
KrisFlyer SBI Card Apex 9,999 9,999
KrisFlyer SBI Card 2,999 2,999
2,999 (Waived off on annual spends of 3 Lakh or more
SBI Card PRIME 2,999
in the preceding year)
2,999 (Waived off on annual spends of 3 Lakh or more
SBI Card PRIME Advantage 2,999
in the preceding year)
1,499 (Waived off on annual spends of 2 Lakh or more
Doctor's SBI Card 1,499 in the preceding year)
1,499 (Waived off on annual spends of 1.5 Lakh or more
Shaurya Select SBI Card 1,499 in the preceding year)
250 (Waived off on annual spends of 50,000 or more
Shaurya SBI Card 250
in the preceding year)
1,499 (Waived off on annual spends of 2 Lakh or more in
SBI Card PULSE 1,499
the preceding year)
999 (Waived off on annual spends of 2 Lakh or more
999
CASHBACK SBI Card
in the preceding year)
499 (Waived off on annual spends of 1 Lakh or more
SimplyCLICK SBI Card 
----------------------------------

--- Processing CC Page (Fallback) ---
Extended Credit
Interest Free Credit Period 20-50 days (applicable only on retail purchases and
if previous month’s outstanding balance is paid in full)
Finance Charges 3.75% p.m. (45% p.a.) for Unsecured Cards; 2.75% p.m.
(33% p.a.) for Shaurya, Defence Cards and Secured cards
1.5% p.m. (18% p.a.) for PM SVANidhi SBI Card
Minimum Finance Charges
`25
Minimum Amount Due 100% of GST + 100% of EMI amount + 100% of Fees/Charges
+ 100% of finance charges + Overlimit Amount (if any) + 2% of
remaining balance outstanding.
Cash Advance
Cash Advance Limit Cash Advance Limit is a part of the overall Credit Limit. Cash
Advance Limit is indicated in the monthly card statement.
Max. cash withdrawal limit is Rs.15,000 per day on MCC -
6011(ATM Withdrawals), subject to Cash Advance Limit
availability.Cash Advance is not available for MCC - 6010
("over-the-counter" cash disbursement).Cash Advance Limit is
not applicable for PM SVANidhi SBI Card.
Free Credit Period
Nil
Finance Charges
3.75% p.m. (45% p
----------------------------------

--- Processing CC Page (Fallback) ---
Let’s Connect! Let’s Simplify!
For All Card (except AURUM) : 39 02 02 02 (prefix local STD code) or 1860 180 1290
By Phone
By E-mail For All Card (except AURUM) : customercare@sbicard.com
By Web For All Card (except AURUM) : Log on to www.sbicard.com and register
By Letter Write to us at Manager, Customer Correspondence Unit DLF Infinity Towers, TowerC,
12th Floor, Block 2, Building 3, DLF Cyber City, Gurugram – 122002 (Haryana)India or
Post Bag No.28, GPO, New Delhi – 110001
CUSTOMER GRIEVANCE REDRESSAL: All grievance escalations should be marked
to Mr. Prosenjit Dhar (Nodal Officer), SBI Cards at above address or via
email at nodalofficer@sbicard.com. If concern not resolved within 15 days, you may
approach Mr. Manish Dewan - Head, Customer Services at
CustomerServiceHead@sbicard.com
BILLING AND STATEMENT
SBICPSL will send the Cardholder a monthly statement showing the payments credited and the
transactions debited to the Cardholder's Account since the last statement, provided the ca
----------------------------------

--- Processing CC Page (Fallback) ---
Indian Oil Axis Bank Premium Credit Card
VEERAMALLA NAGARJUNA
66 Chakripuram Kushaiguda, Ecil Post Kapra,
6th Left in H T Road,
HYDERABAD 500062
PAYMENT SUMMARY
Total Payment Due Minimum Payment Due Statement Period Payment Due Date Statement Generation Date
4,597.53 Dr 100.00 Dr 27/11/2025 - 25/12/2025 14/01/2026 25/12/2025
Credit Card Number Credit Limit Available Credit Limit Available Cash Limit
For hassle free payments register for
438628******8680 202,000.00 176,567.00 60,600.00 Auto-Debit facility on 18605005555
Previous Balance - Payments - Credits + Purchase + Cash Advance + Other Debit&Charges =Total Payment Due Making only the minimum payment every
month would result in the repayment stretching
6,994.39 Dr 6,994.39 45.92 4,643.45 0.00 0.00 4,597.53 Dr over years with consequent interest payment
Account Summary
DATE TRANSACTION DETAILS MERCHANT CATEGORY AMOUNT (Rs.)
Card No: 438628******8680 Name VEERAMALLA NAGARJUNA
14/12/2025 IOCL MY NATION FILLING,HYDERABAD FUEL 4,643.45 D
----------------------------------
  [MATCH] Date: 2025-12-14 | Amt: 4643.45 | Desc: IOCL MY NATION FILLING,HYDERABAD FUEL
  [MATCH] Date: 2025-12-14 | Amt: 6994.39 | Desc: BBPS PAYMENT RECEIVED - DP015348144514JOS0CJ
  [MATCH] Date: 2025-12-16 | Amt: 45.92 | Desc: FUEL CASHBACK REBATES
  [FAIL-AMT] Date found (2025-12-22) but no amount in last 3 tokens: ['Navi', 'Mumbai-', '400708']

--- Processing CC Page (Fallback) ---
Indian Oil Axis Bank Premium Credit Card
Schedule of charges
Finance Charge calculation
Ifacardholderavailsoftherevolvingfacilityofthecreditcardandhencechoosesto Particulars Charges
pay amount less than the total amount due reflected in the monthly billing
statement.Theentireoutstandingamountwouldattractfinancechargesandallnew Duplicate Statement Fee Waived
transactions will also attract finance charges, till such time as the previous
outstanding amount is paid in full. For example, assume that you have paid all Charge slip retrieval Fee Waived
previous dues in full and do not have any amount outstanding in your credit card Outstation Cheque Fee Waived
account. You have purchased house hold goods for Rs. 25000.00 on 12th June and
withdrawncashfromATMforRs.5000.00on15thJune.Yourmonthlystatementison Finance Charges(Retail & Cash) 3.75% p.m. (55.55% per annum)
20thofeverymonth.On20thJune,youwouldbeleviedinterestonRs.5000.00cash
withdrawalsfor6days@3.6%p.m.i.e.,5000.00*6days*3.6%*12months/
----------------------------------

--- Processing CC Page (Fallback) ---
GSTIN of SBI Card : 06AAECS5981K1ZV Stmt/Debit Note/Credit Note/Tax Invoice (ORIGINAL FOR RECIPIENT)
VEERAMALLA NAGARJUNA Credit Card Number
XXXX XXXX XXXX XX94
*Total Amount Due ( ` )
1.00
PLACE OF SUPPLY : TEL/36/TELANGANA
**Minimum Amount Due( ` )
STMT No. : B25120897664
CKYC No. : 60093118300241 0.00
Credit Limit( ` ) (including cash) Cash Limit( ` )(as part of credit limit) Statement Date
1,15,000.00 34,500.00 06 Dec 2025
Available Credit Limit ( ` ) Available Cash Limit ( ` ) Payment Due Date
1,14,999.15 34,500.00 26 Dec 2025
ACCOUNT SUMMARY
Additions
Payments,
Previous Balance Reversals & other Purchases & Other Fee, Taxes & Total Outstanding
( ` ) Credits ( ` ) Debits ( ` ) Interest Charges( ` ) ( ` )
36,088.85 36,089.00 1.00 0.00 1.00
SHOP & SMILE SUMMARY
Redeemed/Expired
Previous Balance Earned /Forfeited Closing Balance Points Expiry Details
2975 0 0 2975 NONE
Date Transaction Details Amount ( ` )
for Statement Period: 07 Nov 25 to 06 Dec 25
25 Nov 25 PAYMENT RECEIVED 000DP0
----------------------------------

--- Processing CC Page (Fallback) ---
SAVINGS AND BENEFITS SECTION
For this statement For this year From the card issue date
Cash Back( ` )# 0.00 0.00 0.00
Petrol Surcharge Waiver( ` )# 0.00 0.00 0.00
Reward Points 0 5442 64724
# with effect from transactions dated 17-Nov-2011.
Treatment of EMI benefits / services availed by the cardholder Instant information 24X7, by just sending an SMS to 5676791
once the account turns NPA :
A day after the statement is generated post account Simply
Balance Enquiry: Available Credit & Cash limit:
classification as NPA, all EMI plans (excluding restructured plans) SMS
BAL XXXX AVAIL XXXX
available on the account shall be closed & the principal
outstanding along with the outstanding interest accrued till the Hotlist Lost/Stolen Card: Last Payment Status:
date of such EMI plans shall be debited to the Credit Card BLOCK XXXX PAYMENT XXXX
Account & appear in the subsequent monthly statement. SBI Card Reward Point Summary: Subscribe to Estatement:
shall be entitled to demand immediate repaymen
----------------------------------

--- Processing CC Page (Fallback) ---

----------------------------------

--- Processing CC Page (Fallback) ---

----------------------------------

--- Processing CC Page (Fallback) ---
Schedule of Charges
Annual
Credit Card Name Renewal Fee (Rs.)
Fee (Rs.)
9,999 (Waived off on annual spends of 12 Lakh or more
AURUM 9,999
in the preceding year)
KrisFlyer SBI Card Apex 9,999 9,999
KrisFlyer SBI Card 2,999 2,999
2,999 (Waived off on annual spends of 3 Lakh or more
SBI Card PRIME 2,999
in the preceding year)
2,999 (Waived off on annual spends of 3 Lakh or more
SBI Card PRIME Advantage 2,999
in the preceding year)
1,499 (Waived off on annual spends of 2 Lakh or more
Doctor's SBI Card 1,499 in the preceding year)
1,499 (Waived off on annual spends of 1.5 Lakh or more
Shaurya Select SBI Card 1,499 in the preceding year)
250 (Waived off on annual spends of 50,000 or more
Shaurya SBI Card 250
in the preceding year)
1,499 (Waived off on annual spends of 2 Lakh or more in
SBI Card PULSE 1,499
the preceding year)
999 (Waived off on annual spends of 2 Lakh or more
999
CASHBACK SBI Card
in the preceding year)
499 (Waived off on annual spends of 1 Lakh or more
SimplyCLICK SBI Card 
----------------------------------

--- Processing CC Page (Fallback) ---
Extended Credit
Interest Free Credit Period 20-50 days (applicable only on retail purchases and
if previous month’s outstanding balance is paid in full)
Finance Charges 3.75% p.m. (45% p.a.) for Unsecured Cards; 2.75% p.m.
(33% p.a.) for Shaurya, Defence Cards and Secured cards
1.5% p.m. (18% p.a.) for PM SVANidhi SBI Card
Minimum Finance Charges
`25
Minimum Amount Due 100% of GST + 100% of EMI amount + 100% of Fees/Charges
+ 100% of finance charges + Overlimit Amount (if any) + 2% of
remaining balance outstanding.
Cash Advance
Cash Advance Limit Cash Advance Limit is a part of the overall Credit Limit. Cash
Advance Limit is indicated in the monthly card statement.
Max. cash withdrawal limit is Rs.15,000 per day on MCC -
6011(ATM Withdrawals), subject to Cash Advance Limit
availability.Cash Advance is not available for MCC - 6010
("over-the-counter" cash disbursement).Cash Advance Limit is
not applicable for PM SVANidhi SBI Card.
Free Credit Period
Nil
Finance Charges
3.75% p.m. (45% p
----------------------------------
  [FAIL-AMT] Date found (2021-01-01) but no amount in last 3 tokens: ['tagged', 'as', 'SMA-2.']

--- Processing CC Page (Fallback) ---
Let’s Connect! Let’s Simplify!
For All Card (except AURUM) : 39 02 02 02 (prefix local STD code) or 1860 180 1290
By Phone
By E-mail For All Card (except AURUM) : customercare@sbicard.com
By Web For All Card (except AURUM) : Log on to www.sbicard.com and register
By Letter Write to us at Manager, Customer Correspondence Unit DLF Infinity Towers, TowerC,
12th Floor, Block 2, Building 3, DLF Cyber City, Gurugram – 122002 (Haryana)India or
Post Bag No.28, GPO, New Delhi – 110001
CUSTOMER GRIEVANCE REDRESSAL: All grievance escalations should be marked
to Mr. Prosenjit Dhar (Nodal Officer), SBI Cards at above address or via
email at nodalofficer@sbicard.com. If concern not resolved within 15 days, you may
approach Mr. Manish Dewan - Head, Customer Services at
CustomerServiceHead@sbicard.com
BILLING AND STATEMENT
SBICPSL will send the Cardholder a monthly statement showing the payments credited and the
transactions debited to the Cardholder's Account since the last statement, provided the ca
----------------------------------

--- Processing CC Page (Fallback) ---
GSTIN of SBI Card : 06AAECS5981K1ZV Stmt/Debit Note/Credit Note/Tax Invoice (ORIGINAL FOR RECIPIENT)
VEERAMALLA NAGARJUNA Credit Card Number
XXXX XXXX XXXX XX94
*Total Amount Due ( ` )
1.00
PLACE OF SUPPLY : TEL/36/TELANGANA
**Minimum Amount Due( ` )
STMT No. : B25120897664
CKYC No. : 60093118300241 0.00
Credit Limit( ` ) (including cash) Cash Limit( ` )(as part of credit limit) Statement Date
1,15,000.00 34,500.00 06 Dec 2025
Available Credit Limit ( ` ) Available Cash Limit ( ` ) Payment Due Date
1,14,999.15 34,500.00 26 Dec 2025
ACCOUNT SUMMARY
Additions
Payments,
Previous Balance Reversals & other Purchases & Other Fee, Taxes & Total Outstanding
( ` ) Credits ( ` ) Debits ( ` ) Interest Charges( ` ) ( ` )
36,088.85 36,089.00 1.00 0.00 1.00
SHOP & SMILE SUMMARY
Redeemed/Expired
Previous Balance Earned /Forfeited Closing Balance Points Expiry Details
2975 0 0 2975 NONE
Date Transaction Details Amount ( ` )
for Statement Period: 07 Nov 25 to 06 Dec 25
25 Nov 25 PAYMENT RECEIVED 000DP0
----------------------------------

--- Processing CC Page (Fallback) ---
SAVINGS AND BENEFITS SECTION
For this statement For this year From the card issue date
Cash Back( ` )# 0.00 0.00 0.00
Petrol Surcharge Waiver( ` )# 0.00 0.00 0.00
Reward Points 0 5442 64724
# with effect from transactions dated 17-Nov-2011.
Treatment of EMI benefits / services availed by the cardholder Instant information 24X7, by just sending an SMS to 5676791
once the account turns NPA :
A day after the statement is generated post account Simply
Balance Enquiry: Available Credit & Cash limit:
classification as NPA, all EMI plans (excluding restructured plans) SMS
BAL XXXX AVAIL XXXX
available on the account shall be closed & the principal
outstanding along with the outstanding interest accrued till the Hotlist Lost/Stolen Card: Last Payment Status:
date of such EMI plans shall be debited to the Credit Card BLOCK XXXX PAYMENT XXXX
Account & appear in the subsequent monthly statement. SBI Card Reward Point Summary: Subscribe to Estatement:
shall be entitled to demand immediate repaymen
----------------------------------

--- Processing CC Page (Fallback) ---

----------------------------------

--- Processing CC Page (Fallback) ---

----------------------------------

--- Processing CC Page (Fallback) ---
Schedule of Charges
Annual
Credit Card Name Renewal Fee (Rs.)
Fee (Rs.)
9,999 (Waived off on annual spends of 12 Lakh or more
AURUM 9,999
in the preceding year)
KrisFlyer SBI Card Apex 9,999 9,999
KrisFlyer SBI Card 2,999 2,999
2,999 (Waived off on annual spends of 3 Lakh or more
SBI Card PRIME 2,999
in the preceding year)
2,999 (Waived off on annual spends of 3 Lakh or more
SBI Card PRIME Advantage 2,999
in the preceding year)
1,499 (Waived off on annual spends of 2 Lakh or more
Doctor's SBI Card 1,499 in the preceding year)
1,499 (Waived off on annual spends of 1.5 Lakh or more
Shaurya Select SBI Card 1,499 in the preceding year)
250 (Waived off on annual spends of 50,000 or more
Shaurya SBI Card 250
in the preceding year)
1,499 (Waived off on annual spends of 2 Lakh or more in
SBI Card PULSE 1,499
the preceding year)
999 (Waived off on annual spends of 2 Lakh or more
999
CASHBACK SBI Card
in the preceding year)
499 (Waived off on annual spends of 1 Lakh or more
SimplyCLICK SBI Card 
----------------------------------

--- Processing CC Page (Fallback) ---
Extended Credit
Interest Free Credit Period 20-50 days (applicable only on retail purchases and
if previous month’s outstanding balance is paid in full)
Finance Charges 3.75% p.m. (45% p.a.) for Unsecured Cards; 2.75% p.m.
(33% p.a.) for Shaurya, Defence Cards and Secured cards
1.5% p.m. (18% p.a.) for PM SVANidhi SBI Card
Minimum Finance Charges
`25
Minimum Amount Due 100% of GST + 100% of EMI amount + 100% of Fees/Charges
+ 100% of finance charges + Overlimit Amount (if any) + 2% of
remaining balance outstanding.
Cash Advance
Cash Advance Limit Cash Advance Limit is a part of the overall Credit Limit. Cash
Advance Limit is indicated in the monthly card statement.
Max. cash withdrawal limit is Rs.15,000 per day on MCC -
6011(ATM Withdrawals), subject to Cash Advance Limit
availability.Cash Advance is not available for MCC - 6010
("over-the-counter" cash disbursement).Cash Advance Limit is
not applicable for PM SVANidhi SBI Card.
Free Credit Period
Nil
Finance Charges
3.75% p.m. (45% p
----------------------------------
  [FAIL-AMT] Date found (2021-01-01) but no amount in last 3 tokens: ['tagged', 'as', 'SMA-2.']

--- Processing CC Page (Fallback) ---
Let’s Connect! Let’s Simplify!
For All Card (except AURUM) : 39 02 02 02 (prefix local STD code) or 1860 180 1290
By Phone
By E-mail For All Card (except AURUM) : customercare@sbicard.com
By Web For All Card (except AURUM) : Log on to www.sbicard.com and register
By Letter Write to us at Manager, Customer Correspondence Unit DLF Infinity Towers, TowerC,
12th Floor, Block 2, Building 3, DLF Cyber City, Gurugram – 122002 (Haryana)India or
Post Bag No.28, GPO, New Delhi – 110001
CUSTOMER GRIEVANCE REDRESSAL: All grievance escalations should be marked
to Mr. Prosenjit Dhar (Nodal Officer), SBI Cards at above address or via
email at nodalofficer@sbicard.com. If concern not resolved within 15 days, you may
approach Mr. Manish Dewan - Head, Customer Services at
CustomerServiceHead@sbicard.com
BILLING AND STATEMENT
SBICPSL will send the Cardholder a monthly statement showing the payments credited and the
transactions debited to the Cardholder's Account since the last statement, provided the ca
----------------------------------

--- Processing CC Page (Fallback) ---
Indian Oil Axis Bank Premium Credit Card
VEERAMALLA NAGARJUNA
66 Chakripuram Kushaiguda, Ecil Post Kapra,
6th Left in H T Road,
HYDERABAD 500062
PAYMENT SUMMARY
Total Payment Due Minimum Payment Due Statement Period Payment Due Date Statement Generation Date
4,597.53 Dr 100.00 Dr 27/11/2025 - 25/12/2025 14/01/2026 25/12/2025
Credit Card Number Credit Limit Available Credit Limit Available Cash Limit
For hassle free payments register for
438628******8680 202,000.00 176,567.00 60,600.00 Auto-Debit facility on 18605005555
Previous Balance - Payments - Credits + Purchase + Cash Advance + Other Debit&Charges =Total Payment Due Making only the minimum payment every
month would result in the repayment stretching
6,994.39 Dr 6,994.39 45.92 4,643.45 0.00 0.00 4,597.53 Dr over years with consequent interest payment
Account Summary
DATE TRANSACTION DETAILS MERCHANT CATEGORY AMOUNT (Rs.)
Card No: 438628******8680 Name VEERAMALLA NAGARJUNA
14/12/2025 IOCL MY NATION FILLING,HYDERABAD FUEL 4,643.45 D
----------------------------------
  [MATCH] Date: 2025-12-14 | Amt: 4643.45 | Desc: IOCL MY NATION FILLING,HYDERABAD FUEL
  [MATCH] Date: 2025-12-14 | Amt: 6994.39 | Desc: BBPS PAYMENT RECEIVED - DP015348144514JOS0CJ
  [MATCH] Date: 2025-12-16 | Amt: 45.92 | Desc: FUEL CASHBACK REBATES
  [FAIL-AMT] Date found (2025-12-22) but no amount in last 3 tokens: ['Navi', 'Mumbai-', '400708']

--- Processing CC Page (Fallback) ---
Indian Oil Axis Bank Premium Credit Card
Schedule of charges
Finance Charge calculation
Ifacardholderavailsoftherevolvingfacilityofthecreditcardandhencechoosesto Particulars Charges
pay amount less than the total amount due reflected in the monthly billing
statement.Theentireoutstandingamountwouldattractfinancechargesandallnew Duplicate Statement Fee Waived
transactions will also attract finance charges, till such time as the previous
outstanding amount is paid in full. For example, assume that you have paid all Charge slip retrieval Fee Waived
previous dues in full and do not have any amount outstanding in your credit card Outstation Cheque Fee Waived
account. You have purchased house hold goods for Rs. 25000.00 on 12th June and
withdrawncashfromATMforRs.5000.00on15thJune.Yourmonthlystatementison Finance Charges(Retail & Cash) 3.75% p.m. (55.55% per annum)
20thofeverymonth.On20thJune,youwouldbeleviedinterestonRs.5000.00cash
withdrawalsfor6days@3.6%p.m.i.e.,5000.00*6days*3.6%*12months/
----------------------------------

--- Processing CC Page (Fallback) ---
Indian Oil Axis Bank Premium Credit Card
VEERAMALLA NAGARJUNA
66 Chakripuram Kushaiguda, Ecil Post Kapra,
6th Left in H T Road,
HYDERABAD 500062
PAYMENT SUMMARY
Total Payment Due Minimum Payment Due Statement Period Payment Due Date Statement Generation Date
4,597.53 Dr 100.00 Dr 27/11/2025 - 25/12/2025 14/01/2026 25/12/2025
Credit Card Number Credit Limit Available Credit Limit Available Cash Limit
For hassle free payments register for
438628******8680 202,000.00 176,567.00 60,600.00 Auto-Debit facility on 18605005555
Previous Balance - Payments - Credits + Purchase + Cash Advance + Other Debit&Charges =Total Payment Due Making only the minimum payment every
month would result in the repayment stretching
6,994.39 Dr 6,994.39 45.92 4,643.45 0.00 0.00 4,597.53 Dr over years with consequent interest payment
Account Summary
DATE TRANSACTION DETAILS MERCHANT CATEGORY AMOUNT (Rs.)
Card No: 438628******8680 Name VEERAMALLA NAGARJUNA
14/12/2025 IOCL MY NATION FILLING,HYDERABAD FUEL 4,643.45 D
----------------------------------
  [MATCH] Date: 2025-12-14 | Amt: 4643.45 | Desc: IOCL MY NATION FILLING,HYDERABAD FUEL
  [MATCH] Date: 2025-12-14 | Amt: 6994.39 | Desc: BBPS PAYMENT RECEIVED - DP015348144514JOS0CJ
  [MATCH] Date: 2025-12-16 | Amt: 45.92 | Desc: FUEL CASHBACK REBATES
  [FAIL-AMT] Date found (2025-12-22) but no amount in last 3 tokens: ['Navi', 'Mumbai-', '400708']

--- Processing CC Page (Fallback) ---
Indian Oil Axis Bank Premium Credit Card
Schedule of charges
Finance Charge calculation
Ifacardholderavailsoftherevolvingfacilityofthecreditcardandhencechoosesto Particulars Charges
pay amount less than the total amount due reflected in the monthly billing
statement.Theentireoutstandingamountwouldattractfinancechargesandallnew Duplicate Statement Fee Waived
transactions will also attract finance charges, till such time as the previous
outstanding amount is paid in full. For example, assume that you have paid all Charge slip retrieval Fee Waived
previous dues in full and do not have any amount outstanding in your credit card Outstation Cheque Fee Waived
account. You have purchased house hold goods for Rs. 25000.00 on 12th June and
withdrawncashfromATMforRs.5000.00on15thJune.Yourmonthlystatementison Finance Charges(Retail & Cash) 3.75% p.m. (55.55% per annum)
20thofeverymonth.On20thJune,youwouldbeleviedinterestonRs.5000.00cash
withdrawalsfor6days@3.6%p.m.i.e.,5000.00*6days*3.6%*12months/
----------------------------------

--- Processing CC Page (Fallback) ---
MR VEERAMALLA NAGARJUNA
I2SPACE WEB TECHNOLOGIES PVT LTD
PLOT NO 1 HNO LK23-304/1 KRITI MANSION
1ST FLOOR HMT SATHAVATTANA NAGAR KPHB
NEAR COMMUNITY HALL
TELANGANA, Hyderabad 500085
SSTTAATTEEMMEENNTT DDAATTEE
November 5, 2025
PPAAYYMMEENNTT DDUUEE DDAATTEE
November 23, 2025
STATEMENT SUMMARY
Total Amount due
`1,76,252.52 = + + -
Minimum Amount due CREDIT SUMMARY
`10,250.00
Credit Limit (Including cash) Available Credit (Including cash) Cash Limit Available Cash
Interest will be charged if your
total amount due is not paid `4,60,000.00 `2,80,806.64 `46,000.00 `46,000.00
SPENDS OVERVIEW
Date SerNo. Transaction Details Reward Intl.# Amount (in`)
Points amount
4315XXXXXXXX0003
07/10/2025 12111788760 AMAZON PAY IN UTILITY BANGALORE IN 47 2,391.00
07/10/2025 12111809032 AMAZON PAY IN UTILITY BANGALORE IN 18 905.00
80%
07/10/2025 12112647452 LIFE INSURANCE CORPORA NOIDA IN 1347 1,34,772.00
10/10/2025 12128748048 AMAZON PAY INDIA PVT LTD 1 96.71
WWW.AMAZON.IN IN
0%
11/10/2025 12135204980 ZOMA
----------------------------------
  [MATCH] Date: 2025-10-07 | Amt: 2391.0 | Desc: 12111788760 AMAZON PAY IN UTILITY BANGALORE IN 47
  [MATCH] Date: 2025-10-07 | Amt: 905.0 | Desc: 12111809032 AMAZON PAY IN UTILITY BANGALORE IN 18
  [MATCH] Date: 2025-10-07 | Amt: 134772.0 | Desc: 12112647452 LIFE INSURANCE CORPORA NOIDA IN 1347
  [MATCH] Date: 2025-10-10 | Amt: 96.71 | Desc: 12128748048 AMAZON PAY INDIA PVT LTD 1
  [MATCH] Date: 2025-10-11 | Amt: 258.44 | Desc: 12135204980 ZOMATO NEW DELHI IN 2
  [MATCH] Date: 2025-10-11 | Amt: 159.99 | Desc: 12135453013 ZEPTO MARKETPLACE PRIVATE Bangalore 1
  [MATCH] Date: 2025-10-13 | Amt: 339.0 | Desc: 12149388599 BLINK COMMERCE PVT LTD BANGALORE IN 3
  [MATCH] Date: 2025-10-18 | Amt: 409.0 | Desc: 12180222087 AMAZON PAY IN E COMMERC BANGALORE 12
  [MATCH] Date: 2025-10-18 | Amt: 296.99 | Desc: 12181042254 ZEPTO MARKETPLACE PRIVATE Bangalore 2
  [MATCH] Date: 2025-10-21 | Amt: 23762.34 | Desc: 12192892090 BBPS Payment received 0
  [MATCH] Date: 2025-10-21 | Amt: 58.39 | Desc: 12195796418 Interest Amount Amortization - 0
  [MATCH] Date: 2025-10-21 | Amt: 10.51 | Desc: 12195796425 IGST-CI@18% 0
  [MATCH] Date: 2025-10-21 | Amt: 1441.49 | Desc: 12195796448 Principal Amount Amortization - 0

--- Processing CC Page (Fallback) ---
Page 2 of 8
00005/14292
Date SerNo. Transaction Details Reward Points Intl.# amount Amount (in`)
31/10/2025 12249842568 FASTAG IMB 10 1,000.00
01/11/2025 12257591257 M S R K Collections HYDERABAD IN 39 3,950.00
01/11/2025 12257591268 M S R K Collections HYDERABAD IN 23 2,360.00
01/11/2025 12260230493 SAHITHA STUDIO HYDERABAD IN 6 699.00
01/11/2025 12260405933 SRI ARADHYA WEDDING SI HYDERABAD IN 154 15,420.00
02/11/2025 12267234089 KANISHK HYDERABAD IN 74 7,400.00
02/11/2025 12267886221 GAVINS HYDERABAD IN 42 4,285.00
# International Spends
EMI / PERSONAL LOAN ON CREDIT CARDS
Transaction/ Creation Date Finish Date No. of Installments EMI/Loan Amount Pending Installments Outstanding Monthly Installment
LoanType Instalment Amount* Amount
Merchant EMI 21/07/2025 21/12/2025 6 8,594.04 2 2,999.74 1,499.88
conversions
*For EMI Purchases and Loans within Credit Card limit, the credit limit of the credit card will be blocked by the amount which is equal to outstanding amount + Applicable Taxes 
----------------------------------
  [MATCH] Date: 2025-10-31 | Amt: 1000.0 | Desc: 12249842568 FASTAG IMB 10
  [MATCH] Date: 2025-11-01 | Amt: 3950.0 | Desc: 12257591257 M S R K Collections HYDERABAD IN 39
  [MATCH] Date: 2025-11-01 | Amt: 2360.0 | Desc: 12257591268 M S R K Collections HYDERABAD IN 23
  [MATCH] Date: 2025-11-01 | Amt: 699.0 | Desc: 12260230493 SAHITHA STUDIO HYDERABAD IN 6
  [MATCH] Date: 2025-11-01 | Amt: 15420.0 | Desc: 12260405933 SRI ARADHYA WEDDING SI HYDERABAD IN 154
  [MATCH] Date: 2025-11-02 | Amt: 7400.0 | Desc: 12267234089 KANISHK HYDERABAD IN 74
  [MATCH] Date: 2025-11-02 | Amt: 4285.0 | Desc: 12267886221 GAVINS HYDERABAD IN 42

--- Processing CC Page (Fallback) ---
MOST IMPORTANT TERMS AND CONDITIONS (MITC)
To get the complete version of Credit Cards – Most Important Terms and Conditions (MITC), please visit: ICICI Bank Website > Products >
Credit Cards> Amazon Pay Credit Card > Quick links for your reference > MITC, T&C and FAQs
Or visit the link: https://www.icicibank.com/terms-condition/tnc-for-amazon-pay
To know more about the applicable terms and conditions, visit the link:
https://www.icicibank.com/managed-assets/docs/personal/cards/tc-for-amazon-pay-credit-card.pdf
GREAT OFFERS ON YOUR CARD
00005/14292
Page 3 of 8
----------------------------------

--- Processing CC Page (Fallback) ---
IMPORTANT INFORMATION ON YOUR CREDIT CARD
If a No Cost EMI offer is communicated by the merchant during the purchase, the interest benefit
pertaining to this offer will be passed on to the card holder through an instant discount mode or cashback
mode, as per the offer details defined by the merchant. Bank charges interest on every EMI transaction.
Grievances Redressal/Complaints/ Escalations: In the event that you are not satisfied with our
services, you may register your grievance by (i) visiting “Complaint Form” at www.icicibank.com or
(ii) calling at our Customer Care number or writing to Ms. Sharlet Malvankar, The Principal Nodal
Officer, ICICI Bank Ltd Bandra Kurla Complex Mumbai 400051, (Postal Address), Telephone No.:
022-39337979 (Monday to Friday, 10:00 a.m. to 5:00 p.m. excluding Bank holidays), Email:
pno@icicibank.com.
This is an authenticated intimation/statement. Customers are requested to immediately notify the Bank of any discrepancy in the statement.
00005/14292
Page 4
----------------------------------

--- Processing CC Page (Fallback) ---
To report the loss, theft or unauthorised use of card or PIN of credit card, you can use any of the below mentioned
three mediums to block the card
l Send SMS BLOCK space <last 4 digit of card number> to 9215676766 from your registered mobile number
l If you are within India, call on 18002662 and if you are outside India, call on 04071403333
l Go to mobile banking app to block the card (under manage card)
In case you require any further information, you may call our Customer Care (1800 1080) or write to us at
customer.care@icicibank.com
Method of Payment : Payments towards the Credit Card Account to be made through any of the below modes:
1. Scan to Pay
2. UPI
3. National Electronic Funds Transfer (NEFT)
4. Cash
5. Internet Banking
6. Auto Debit
7. Click to Pay
8. iMobile Pay app
9. ICICI Bank ATMs
To keep your Credit Card Account secure and to receive important updates, please ensure that your mobile number
and e-mail ID are correctly updated.
Benefits of updating mobile number and e-
----------------------------------

--- Processing CC Page (Fallback) ---
6 Convenience Fee on Rent Pay on Oct 15, 2023 20.00
7 Tax on Convenience Fee 3.60
8 LPC charged on Oct 29, 2023 600.00
9 Tax on LPC 108.00
10 On statement dated Nov 08, 2023, following interest charges will be levied:
a) Interest on 20th Sep 2023 Transaction 123.29
b) Interest on 15th Oct 2023 Transaction 61.65
11 Total Interest charged (a + b) 184.94
12 GST on Interest 33.29
GST will be applicable on interest charges.
** The above illustration has been prepared assuming that customer is not delinquent prior to the statement
generated on Oct 10, 2023
Page 6 of 8
----------------------------------

--- Processing CC Page (Fallback) ---
Minimum Amount Due Calculation
The Minimum Amount Due (MAD) shall be 5% of the outstanding amount or such other amount as may be
determined by ICICI Bank at its sole discretion. The installment amount due during the statement period will be
added to the Minimum Amount Due. If the total outstanding is more than the credit or cash limit, then the amount
by which the credit or cash limit has been exceeded will also be included in the Minimum Amount Due. Any Fee
charged in the statement over the credit limit will be considered twice in Minimum Amount Due calculation. Fee &
GST on customer’s statement will also be included in the Minimum Amount Due. Minimum Amount Due shall also
include unpaid Minimum Amount Due of the previous statements, if any.
The following illustration will indicate the method of calculating MAD charges:
SL. No Transaction ₹
1 Credit Limit 26,000.00
2 Purchase on Sep 20, 2023 24,000.00
3 Total Amount Due on statement dated Oct 08, 2023 24,000.00
4 Minimum Amount Due on
----------------------------------

--- Processing CC Page (Fallback) ---
** The above illustration has been prepared assuming that customer is not delinquent prior to the statement
generated on Oct 10, 2023 and interest charges are also applicable in Nov 08, 2023 statement.
Late payment Charges Calculation
The Late Payment charges on your card is be a function of the Total Amount Due minus any payment received
before payment due date and will be as follows:
Outstanding = Total Amount due (as of previous statement) – Payment Received before payment due date
Outstanding Amount Late Payment Charges
Less than ₹100 Nil
Between ₹100-₹500 ₹ 100
Between ₹501- ₹1,000 ₹ 500
Between ₹1001- ₹5,000 ₹ 600
Between ₹5,001-₹10,000 ₹ 750
Between ₹10,001-₹25,000 ₹ 900
Between ₹25,001- ₹50,000 ₹ 1,100
More than ₹50,000 ₹ 1,300
The following illustration will indicate the method of calculating Late Payment charges:
SL. No Transaction ₹
1 Purchase on Sep 20, 2023 26,000
2 Total Amount Due on statement dated Oct 08, 2023 (1) 26,000
3 Minimum Amount Due on statement dated Oct 08, 
----------------------------------

--- Processing CC Page (Fallback) ---
(cid:106)(cid:3)(cid:2)(cid:21)(cid:27)(cid:101)(cid:64)(cid:18)(cid:100)(cid:90)(cid:94)(cid:86)(cid:107)
02012026_18993
MR VEERAMALLA NAGARJUNA
I2SPACE WEB TECHNOLOGIES PVT LTD
PLOT NO 1 HNO LK23-304/1 KRITI MANSION
1ST FLOOR HMT SATHAVATTANA NAGAR KPHB
NEAR COMMUNITY HALL
TELANGANA, Hyderabad 500085
STATEMENT DATE
January 2, 2026
PAYMENT DUE DATE
January 20, 2026
STATEMENT SUMMARY
Total Amount due
`3,193.00 = + + -
Minimum Amount due CREDIT SUMMARY
`160.00
Credit Limit (Including cash) Available Credit (Including cash) Cash Limit Available Cash
Interest will be charged if your
total amount due is not paid `4,60,000.00 `4,56,807.00 `46,000.00 `46,000.00
SPENDS OVERVIEW Date SerNo. Transaction Details Reward Intl.# Amount (in`)
Points amount
6528XXXXXXXX7008
4% 03/12/2025 12441282741 UPI-851963033375-GOKUL RA M BHANDE 4 200.00
IN
15% 03/12/2025 12441283577 UPI-852094973375-GOKUL RA M BHANDE 1 80.00
IN
03/12/2025 12441438680 UPI-863477423375-KOYYANA RAMESH IN 0 10.00
05/12/2025 1245415
----------------------------------
  [MATCH] Date: 2025-12-03 | Amt: 200.0 | Desc: 12441282741 UPI-851963033375-GOKUL RA M BHANDE 4
  [MATCH] Date: 2025-12-03 | Amt: 80.0 | Desc: 12441283577 UPI-852094973375-GOKUL RA M BHANDE 1
  [MATCH] Date: 2025-12-03 | Amt: 10.0 | Desc: 12441438680 UPI-863477423375-KOYYANA RAMESH IN 0
  [MATCH] Date: 2025-12-05 | Amt: 40.0 | Desc: 12454152348 UPI-518366813395-Samudral a satyanaraya 0
  [MATCH] Date: 2025-12-05 | Amt: 289.0 | Desc: 12456344090 UPI-550179263395-RATNARES TAURANT IN 5
  [MATCH] Date: 2025-12-10 | Amt: 70.0 | Desc: 12482346868 UPI-647136233445-Cane Hou se IN 1
  [MATCH] Date: 2025-12-10 | Amt: 20.0 | Desc: 12482422905 UPI-648876743445-Cane Hou se IN 0
  [MATCH] Date: 2025-12-11 | Amt: 125.0 | Desc: 12487874685 UPI-797723097032-TOBOX VE NTURES 2
  [MATCH] Date: 2025-12-12 | Amt: 49.0 | Desc: 12492210039 UPI-571203116139-NOLAN ED UTECH 0
  [MATCH] Date: 2025-12-12 | Amt: 397.0 | Desc: 12495376778 UPI-217748023465-NATURALS SS 7
  [MATCH] Date: 2025-12-14 | Amt: 210.0 | Desc: 12504888023 UPI-565983813485-GOKUL RA M BHANDE 4

--- Processing CC Page (Fallback) ---
Date SerNo. Transaction Details Reward Points Intl.# amount Amount (in`)
14/12/2025 12505664176 UPI-613399033485-K VIJAY KUMAR REDDY IN 0 40.00
15/12/2025 12513239205 UPI-602198833729-TOBOX VE NTURES PRIVAT IN 1 65.00
15/12/2025 12515593120 UPI-899212243495-GOWLIKAR BAGHWATHI IN 0 40.00
19/12/2025 12536610305 BBPS Payment received 0 17,689.15 CR
21/12/2025 12552411722 UPI-528392263555-BK REDDY JI FOODS IN 7 380.00
22/12/2025 12555841703 UPI-902344255059-Tobox Ve ntures Privat IN 5 255.00
23/12/2025 12561722377 UPI-994987679158-Tobox Ve ntures Privat IN 5 255.00
24/12/2025 12567344692 UPI-664216371486-Tobox Ve ntures Privat IN 0 25.00
27/12/2025 12583665636 UPI-845425843615-SAMUDRAL A SATYANARAY IN 0 10.00
28/12/2025 12588669427 UPI-154618663625-TRIMURTH ULU KALIGINEE IN 0 30.00
28/12/2025 12591955452 UPI-254420323625-Samudral a satyanaraya IN 0 20.00
28/12/2025 12591958800 UPI-254484623625-SAMUDRAL A SATYANARAY IN 0 10.00
29/12/2025 12596193729 UPI-456123663635-Mr MANEM ANIL GOUD IN 0 
----------------------------------
  [MATCH] Date: 2025-12-14 | Amt: 40.0 | Desc: 12505664176 UPI-613399033485-K VIJAY KUMAR REDDY IN 0
  [MATCH] Date: 2025-12-15 | Amt: 65.0 | Desc: 12513239205 UPI-602198833729-TOBOX VE NTURES PRIVAT IN 1
  [MATCH] Date: 2025-12-15 | Amt: 40.0 | Desc: 12515593120 UPI-899212243495-GOWLIKAR BAGHWATHI IN 0
  [MATCH] Date: 2025-12-19 | Amt: 17689.15 | Desc: 12536610305 BBPS Payment received 0
  [MATCH] Date: 2025-12-21 | Amt: 380.0 | Desc: 12552411722 UPI-528392263555-BK REDDY JI FOODS IN 7
  [MATCH] Date: 2025-12-22 | Amt: 255.0 | Desc: 12555841703 UPI-902344255059-Tobox Ve ntures Privat IN 5
  [MATCH] Date: 2025-12-23 | Amt: 255.0 | Desc: 12561722377 UPI-994987679158-Tobox Ve ntures Privat IN 5
  [MATCH] Date: 2025-12-24 | Amt: 25.0 | Desc: 12567344692 UPI-664216371486-Tobox Ve ntures Privat IN 0
  [MATCH] Date: 2025-12-27 | Amt: 10.0 | Desc: 12583665636 UPI-845425843615-SAMUDRAL A SATYANARAY IN 0
  [MATCH] Date: 2025-12-28 | Amt: 30.0 | Desc: 12588669427 UPI-154618663625-TRIMURTH ULU KALIGINEE IN 0
  [MATCH] Date: 2025-12-28 | Amt: 20.0 | Desc: 12591955452 UPI-254420323625-Samudral a satyanaraya IN 0
  [MATCH] Date: 2025-12-28 | Amt: 10.0 | Desc: 12591958800 UPI-254484623625-SAMUDRAL A SATYANARAY IN 0
  [MATCH] Date: 2025-12-29 | Amt: 35.0 | Desc: 12596193729 UPI-456123663635-Mr MANEM ANIL GOUD IN 0
  [MATCH] Date: 2025-12-30 | Amt: 109.0 | Desc: 12600558949 UPI-584411363645-NEERATI CULINARY CANV IN 2
  [MATCH] Date: 2025-12-30 | Amt: 129.0 | Desc: 12601536457 UPI-452080771284-Tobox Ve ntures Privat IN 2
  [MATCH] Date: 2025-12-30 | Amt: 60.0 | Desc: 12601804919 UPI-241757542086-Tobox Ve ntures Privat IN 1

--- Processing CC Page (Fallback) ---
MOST IMPORTANT TERMS AND CONDITIONS (MITC)
To get the complete version of Credit Cards – Most Important Terms and Conditions (MITC), please visit:
ICICI Bank Website>Products>Credit Cards>Terms and Conditions and FAQs>Most Important Terms and Conditions
Or visit the link: https://www.icicibank.com/managed-assets/docs/personal/cards/mitc_cc.pdf
GREAT OFFERS ON YOUR CARD
00005/39981
Page 3 of 8
----------------------------------

--- Processing CC Page (Fallback) ---
IMPORTANT INFORMATION ON YOUR CREDIT CARD
If a No Cost EMI offer is communicated by the merchant during the purchase, the interest benefit
pertaining to this offer will be passed on to the card holder through an instant discount mode or cashback
mode, as per the offer details defined by the merchant. Bank charges interest on every EMI transaction.
Grievances Redressal/Complaints/ Escalations: In the event that you are not satisfied with our
services, you may register your grievance by (i) visiting “Complaint Form” at www.icicibank.com or
(ii) calling at our Customer Care number or writing to Ms. Sharlet Malvankar, The Principal Nodal
Officer, ICICI Bank Ltd Bandra Kurla Complex Mumbai 400051, (Postal Address), Telephone No.:
022-39337979 (Monday to Friday, 10:00 a.m. to 5:00 p.m. excluding Bank holidays), Email:
pno@icicibank.com.
This is an authenticated intimation/statement. Customers are requested to immediately notify the Bank of any discrepancy in the statement.
00005/39981
Page 4
----------------------------------

--- Processing CC Page (Fallback) ---
To report the loss, theft or unauthorised use of card or PIN of credit card, you can use any of the below mentioned
three mediums to block the card
l Send SMS BLOCK space <last 4 digit of card number> to 9215676766 from your registered mobile number
l If you are within India, call on 18002662 and if you are outside India, call on 04071403333
l Go to mobile banking app to block the card (under manage card)
In case you require any further information, you may call our Customer Care (1800 1080) or write to us at
customer.care@icicibank.com
Method of Payment : Payments towards the Credit Card Account to be made through any of the below modes:
1. Scan to Pay
2. UPI
3. National Electronic Funds Transfer (NEFT)
4. Cash
5. Internet Banking
6. Auto Debit
7. Click to Pay
8. iMobile Pay app
9. ICICI Bank ATMs
To keep your Credit Card Account secure and to receive important updates, please ensure that your mobile number
and e-mail ID are correctly updated.
Benefits of updating mobile number and e-
----------------------------------

--- Processing CC Page (Fallback) ---
6 Convenience Fee on Rent Pay on Oct 15, 2023 20.00
7 Tax on Convenience Fee 3.60
8 LPC charged on Oct 29, 2023 600.00
9 Tax on LPC 108.00
10 On statement dated Nov 08, 2023, following interest charges will be levied:
a) Interest on 20th Sep 2023 Transaction 123.29
b) Interest on 15th Oct 2023 Transaction 61.65
11 Total Interest charged (a + b) 184.94
12 GST on Interest 33.29
GST will be applicable on interest charges.
** The above illustration has been prepared assuming that customer is not delinquent prior to the statement
generated on Oct 10, 2023
Page 6 of 8
----------------------------------

--- Processing CC Page (Fallback) ---
Minimum Amount Due Calculation
The Minimum Amount Due (MAD) shall be 5% of the outstanding amount or such other amount as may be
determined by ICICI Bank at its sole discretion. The installment amount due during the statement period will be
added to the Minimum Amount Due. If the total outstanding is more than the credit or cash limit, then the amount
by which the credit or cash limit has been exceeded will also be included in the Minimum Amount Due. Any Fee
charged in the statement over the credit limit will be considered twice in Minimum Amount Due calculation. Fee &
GST on customer’s statement will also be included in the Minimum Amount Due. Minimum Amount Due shall also
include unpaid Minimum Amount Due of the previous statements, if any.
The following illustration will indicate the method of calculating MAD charges:
SL. No Transaction ₹
1 Credit Limit 26,000.00
2 Purchase on Sep 20, 2023 24,000.00
3 Total Amount Due on statement dated Oct 08, 2023 24,000.00
4 Minimum Amount Due on
----------------------------------

--- Processing CC Page (Fallback) ---
** The above illustration has been prepared assuming that customer is not delinquent prior to the statement
generated on Oct 10, 2023 and interest charges are also applicable in Nov 08, 2023 statement.
Late payment Charges Calculation
The Late Payment charges on your card is be a function of the Total Amount Due minus any payment received
before payment due date and will be as follows:
Outstanding = Total Amount due (as of previous statement) – Payment Received before payment due date
Outstanding Amount Late Payment Charges
Less than ₹100 Nil
Between ₹100-₹500 ₹ 100
Between ₹501- ₹1,000 ₹ 500
Between ₹1001- ₹5,000 ₹ 600
Between ₹5,001-₹10,000 ₹ 750
Between ₹10,001-₹25,000 ₹ 900
Between ₹25,001- ₹50,000 ₹ 1,100
More than ₹50,000 ₹ 1,300
The following illustration will indicate the method of calculating Late Payment charges:
SL. No Transaction ₹
1 Purchase on Sep 20, 2023 26,000
2 Total Amount Due on statement dated Oct 08, 2023 (1) 26,000
3 Minimum Amount Due on statement dated Oct 08, 
----------------------------------

--- Processing CC Page (Fallback) ---
MR VEERAMALLA NAGARJUNA
I2SPACE WEB TECHNOLOGIES PVT LTD
PLOT NO 1 HNO LK23-304/1 KRITI MANSION
1ST FLOOR HMT SATHAVATTANA NAGAR KPHB
NEAR COMMUNITY HALL
TELANGANA, Hyderabad 500085
SSTTAATTEEMMEENNTT DDAATTEE
November 5, 2025
PPAAYYMMEENNTT DDUUEE DDAATTEE
November 23, 2025
STATEMENT SUMMARY
Total Amount due
`1,76,252.52 = + + -
Minimum Amount due CREDIT SUMMARY
`10,250.00
Credit Limit (Including cash) Available Credit (Including cash) Cash Limit Available Cash
Interest will be charged if your
total amount due is not paid `4,60,000.00 `2,80,806.64 `46,000.00 `46,000.00
SPENDS OVERVIEW
Date SerNo. Transaction Details Reward Intl.# Amount (in`)
Points amount
4315XXXXXXXX0003
07/10/2025 12111788760 AMAZON PAY IN UTILITY BANGALORE IN 47 2,391.00
07/10/2025 12111809032 AMAZON PAY IN UTILITY BANGALORE IN 18 905.00
80%
07/10/2025 12112647452 LIFE INSURANCE CORPORA NOIDA IN 1347 1,34,772.00
10/10/2025 12128748048 AMAZON PAY INDIA PVT LTD 1 96.71
WWW.AMAZON.IN IN
0%
11/10/2025 12135204980 ZOMA
----------------------------------
  [MATCH] Date: 2025-10-07 | Amt: 2391.0 | Desc: 12111788760 AMAZON PAY IN UTILITY BANGALORE IN 47
  [MATCH] Date: 2025-10-07 | Amt: 905.0 | Desc: 12111809032 AMAZON PAY IN UTILITY BANGALORE IN 18
  [MATCH] Date: 2025-10-07 | Amt: 134772.0 | Desc: 12112647452 LIFE INSURANCE CORPORA NOIDA IN 1347
  [MATCH] Date: 2025-10-10 | Amt: 96.71 | Desc: 12128748048 AMAZON PAY INDIA PVT LTD 1
  [MATCH] Date: 2025-10-11 | Amt: 258.44 | Desc: 12135204980 ZOMATO NEW DELHI IN 2
  [MATCH] Date: 2025-10-11 | Amt: 159.99 | Desc: 12135453013 ZEPTO MARKETPLACE PRIVATE Bangalore 1
  [MATCH] Date: 2025-10-13 | Amt: 339.0 | Desc: 12149388599 BLINK COMMERCE PVT LTD BANGALORE IN 3
  [MATCH] Date: 2025-10-18 | Amt: 409.0 | Desc: 12180222087 AMAZON PAY IN E COMMERC BANGALORE 12
  [MATCH] Date: 2025-10-18 | Amt: 296.99 | Desc: 12181042254 ZEPTO MARKETPLACE PRIVATE Bangalore 2
  [MATCH] Date: 2025-10-21 | Amt: 23762.34 | Desc: 12192892090 BBPS Payment received 0
  [MATCH] Date: 2025-10-21 | Amt: 58.39 | Desc: 12195796418 Interest Amount Amortization - 0
  [MATCH] Date: 2025-10-21 | Amt: 10.51 | Desc: 12195796425 IGST-CI@18% 0
  [MATCH] Date: 2025-10-21 | Amt: 1441.49 | Desc: 12195796448 Principal Amount Amortization - 0

--- Processing CC Page (Fallback) ---
Page 2 of 8
00005/14292
Date SerNo. Transaction Details Reward Points Intl.# amount Amount (in`)
31/10/2025 12249842568 FASTAG IMB 10 1,000.00
01/11/2025 12257591257 M S R K Collections HYDERABAD IN 39 3,950.00
01/11/2025 12257591268 M S R K Collections HYDERABAD IN 23 2,360.00
01/11/2025 12260230493 SAHITHA STUDIO HYDERABAD IN 6 699.00
01/11/2025 12260405933 SRI ARADHYA WEDDING SI HYDERABAD IN 154 15,420.00
02/11/2025 12267234089 KANISHK HYDERABAD IN 74 7,400.00
02/11/2025 12267886221 GAVINS HYDERABAD IN 42 4,285.00
# International Spends
EMI / PERSONAL LOAN ON CREDIT CARDS
Transaction/ Creation Date Finish Date No. of Installments EMI/Loan Amount Pending Installments Outstanding Monthly Installment
LoanType Instalment Amount* Amount
Merchant EMI 21/07/2025 21/12/2025 6 8,594.04 2 2,999.74 1,499.88
conversions
*For EMI Purchases and Loans within Credit Card limit, the credit limit of the credit card will be blocked by the amount which is equal to outstanding amount + Applicable Taxes 
----------------------------------
  [MATCH] Date: 2025-10-31 | Amt: 1000.0 | Desc: 12249842568 FASTAG IMB 10
  [MATCH] Date: 2025-11-01 | Amt: 3950.0 | Desc: 12257591257 M S R K Collections HYDERABAD IN 39
  [MATCH] Date: 2025-11-01 | Amt: 2360.0 | Desc: 12257591268 M S R K Collections HYDERABAD IN 23
  [MATCH] Date: 2025-11-01 | Amt: 699.0 | Desc: 12260230493 SAHITHA STUDIO HYDERABAD IN 6
  [MATCH] Date: 2025-11-01 | Amt: 15420.0 | Desc: 12260405933 SRI ARADHYA WEDDING SI HYDERABAD IN 154
  [MATCH] Date: 2025-11-02 | Amt: 7400.0 | Desc: 12267234089 KANISHK HYDERABAD IN 74
  [MATCH] Date: 2025-11-02 | Amt: 4285.0 | Desc: 12267886221 GAVINS HYDERABAD IN 42

--- Processing CC Page (Fallback) ---
MOST IMPORTANT TERMS AND CONDITIONS (MITC)
To get the complete version of Credit Cards – Most Important Terms and Conditions (MITC), please visit: ICICI Bank Website > Products >
Credit Cards> Amazon Pay Credit Card > Quick links for your reference > MITC, T&C and FAQs
Or visit the link: https://www.icicibank.com/terms-condition/tnc-for-amazon-pay
To know more about the applicable terms and conditions, visit the link:
https://www.icicibank.com/managed-assets/docs/personal/cards/tc-for-amazon-pay-credit-card.pdf
GREAT OFFERS ON YOUR CARD
00005/14292
Page 3 of 8
----------------------------------

--- Processing CC Page (Fallback) ---
IMPORTANT INFORMATION ON YOUR CREDIT CARD
If a No Cost EMI offer is communicated by the merchant during the purchase, the interest benefit
pertaining to this offer will be passed on to the card holder through an instant discount mode or cashback
mode, as per the offer details defined by the merchant. Bank charges interest on every EMI transaction.
Grievances Redressal/Complaints/ Escalations: In the event that you are not satisfied with our
services, you may register your grievance by (i) visiting “Complaint Form” at www.icicibank.com or
(ii) calling at our Customer Care number or writing to Ms. Sharlet Malvankar, The Principal Nodal
Officer, ICICI Bank Ltd Bandra Kurla Complex Mumbai 400051, (Postal Address), Telephone No.:
022-39337979 (Monday to Friday, 10:00 a.m. to 5:00 p.m. excluding Bank holidays), Email:
pno@icicibank.com.
This is an authenticated intimation/statement. Customers are requested to immediately notify the Bank of any discrepancy in the statement.
00005/14292
Page 4
----------------------------------

--- Processing CC Page (Fallback) ---
To report the loss, theft or unauthorised use of card or PIN of credit card, you can use any of the below mentioned
three mediums to block the card
l Send SMS BLOCK space <last 4 digit of card number> to 9215676766 from your registered mobile number
l If you are within India, call on 18002662 and if you are outside India, call on 04071403333
l Go to mobile banking app to block the card (under manage card)
In case you require any further information, you may call our Customer Care (1800 1080) or write to us at
customer.care@icicibank.com
Method of Payment : Payments towards the Credit Card Account to be made through any of the below modes:
1. Scan to Pay
2. UPI
3. National Electronic Funds Transfer (NEFT)
4. Cash
5. Internet Banking
6. Auto Debit
7. Click to Pay
8. iMobile Pay app
9. ICICI Bank ATMs
To keep your Credit Card Account secure and to receive important updates, please ensure that your mobile number
and e-mail ID are correctly updated.
Benefits of updating mobile number and e-
----------------------------------

--- Processing CC Page (Fallback) ---
6 Convenience Fee on Rent Pay on Oct 15, 2023 20.00
7 Tax on Convenience Fee 3.60
8 LPC charged on Oct 29, 2023 600.00
9 Tax on LPC 108.00
10 On statement dated Nov 08, 2023, following interest charges will be levied:
a) Interest on 20th Sep 2023 Transaction 123.29
b) Interest on 15th Oct 2023 Transaction 61.65
11 Total Interest charged (a + b) 184.94
12 GST on Interest 33.29
GST will be applicable on interest charges.
** The above illustration has been prepared assuming that customer is not delinquent prior to the statement
generated on Oct 10, 2023
Page 6 of 8
----------------------------------

--- Processing CC Page (Fallback) ---
Minimum Amount Due Calculation
The Minimum Amount Due (MAD) shall be 5% of the outstanding amount or such other amount as may be
determined by ICICI Bank at its sole discretion. The installment amount due during the statement period will be
added to the Minimum Amount Due. If the total outstanding is more than the credit or cash limit, then the amount
by which the credit or cash limit has been exceeded will also be included in the Minimum Amount Due. Any Fee
charged in the statement over the credit limit will be considered twice in Minimum Amount Due calculation. Fee &
GST on customer’s statement will also be included in the Minimum Amount Due. Minimum Amount Due shall also
include unpaid Minimum Amount Due of the previous statements, if any.
The following illustration will indicate the method of calculating MAD charges:
SL. No Transaction ₹
1 Credit Limit 26,000.00
2 Purchase on Sep 20, 2023 24,000.00
3 Total Amount Due on statement dated Oct 08, 2023 24,000.00
4 Minimum Amount Due on
----------------------------------

--- Processing CC Page (Fallback) ---
** The above illustration has been prepared assuming that customer is not delinquent prior to the statement
generated on Oct 10, 2023 and interest charges are also applicable in Nov 08, 2023 statement.
Late payment Charges Calculation
The Late Payment charges on your card is be a function of the Total Amount Due minus any payment received
before payment due date and will be as follows:
Outstanding = Total Amount due (as of previous statement) – Payment Received before payment due date
Outstanding Amount Late Payment Charges
Less than ₹100 Nil
Between ₹100-₹500 ₹ 100
Between ₹501- ₹1,000 ₹ 500
Between ₹1001- ₹5,000 ₹ 600
Between ₹5,001-₹10,000 ₹ 750
Between ₹10,001-₹25,000 ₹ 900
Between ₹25,001- ₹50,000 ₹ 1,100
More than ₹50,000 ₹ 1,300
The following illustration will indicate the method of calculating Late Payment charges:
SL. No Transaction ₹
1 Purchase on Sep 20, 2023 26,000
2 Total Amount Due on statement dated Oct 08, 2023 (1) 26,000
3 Minimum Amount Due on statement dated Oct 08, 
----------------------------------

--- Processing CC Page (Fallback) ---
(cid:106)(cid:3)(cid:2)(cid:21)(cid:27)(cid:101)(cid:64)(cid:18)(cid:100)(cid:90)(cid:94)(cid:86)(cid:107)
02012026_18993
MR VEERAMALLA NAGARJUNA
I2SPACE WEB TECHNOLOGIES PVT LTD
PLOT NO 1 HNO LK23-304/1 KRITI MANSION
1ST FLOOR HMT SATHAVATTANA NAGAR KPHB
NEAR COMMUNITY HALL
TELANGANA, Hyderabad 500085
STATEMENT DATE
January 2, 2026
PAYMENT DUE DATE
January 20, 2026
STATEMENT SUMMARY
Total Amount due
`3,193.00 = + + -
Minimum Amount due CREDIT SUMMARY
`160.00
Credit Limit (Including cash) Available Credit (Including cash) Cash Limit Available Cash
Interest will be charged if your
total amount due is not paid `4,60,000.00 `4,56,807.00 `46,000.00 `46,000.00
SPENDS OVERVIEW Date SerNo. Transaction Details Reward Intl.# Amount (in`)
Points amount
6528XXXXXXXX7008
4% 03/12/2025 12441282741 UPI-851963033375-GOKUL RA M BHANDE 4 200.00
IN
15% 03/12/2025 12441283577 UPI-852094973375-GOKUL RA M BHANDE 1 80.00
IN
03/12/2025 12441438680 UPI-863477423375-KOYYANA RAMESH IN 0 10.00
05/12/2025 1245415
----------------------------------
  [MATCH] Date: 2025-12-03 | Amt: 200.0 | Desc: 12441282741 UPI-851963033375-GOKUL RA M BHANDE 4
  [MATCH] Date: 2025-12-03 | Amt: 80.0 | Desc: 12441283577 UPI-852094973375-GOKUL RA M BHANDE 1
  [MATCH] Date: 2025-12-03 | Amt: 10.0 | Desc: 12441438680 UPI-863477423375-KOYYANA RAMESH IN 0
  [MATCH] Date: 2025-12-05 | Amt: 40.0 | Desc: 12454152348 UPI-518366813395-Samudral a satyanaraya 0
  [MATCH] Date: 2025-12-05 | Amt: 289.0 | Desc: 12456344090 UPI-550179263395-RATNARES TAURANT IN 5
  [MATCH] Date: 2025-12-10 | Amt: 70.0 | Desc: 12482346868 UPI-647136233445-Cane Hou se IN 1
  [MATCH] Date: 2025-12-10 | Amt: 20.0 | Desc: 12482422905 UPI-648876743445-Cane Hou se IN 0
  [MATCH] Date: 2025-12-11 | Amt: 125.0 | Desc: 12487874685 UPI-797723097032-TOBOX VE NTURES 2
  [MATCH] Date: 2025-12-12 | Amt: 49.0 | Desc: 12492210039 UPI-571203116139-NOLAN ED UTECH 0
  [MATCH] Date: 2025-12-12 | Amt: 397.0 | Desc: 12495376778 UPI-217748023465-NATURALS SS 7
  [MATCH] Date: 2025-12-14 | Amt: 210.0 | Desc: 12504888023 UPI-565983813485-GOKUL RA M BHANDE 4

--- Processing CC Page (Fallback) ---
Date SerNo. Transaction Details Reward Points Intl.# amount Amount (in`)
14/12/2025 12505664176 UPI-613399033485-K VIJAY KUMAR REDDY IN 0 40.00
15/12/2025 12513239205 UPI-602198833729-TOBOX VE NTURES PRIVAT IN 1 65.00
15/12/2025 12515593120 UPI-899212243495-GOWLIKAR BAGHWATHI IN 0 40.00
19/12/2025 12536610305 BBPS Payment received 0 17,689.15 CR
21/12/2025 12552411722 UPI-528392263555-BK REDDY JI FOODS IN 7 380.00
22/12/2025 12555841703 UPI-902344255059-Tobox Ve ntures Privat IN 5 255.00
23/12/2025 12561722377 UPI-994987679158-Tobox Ve ntures Privat IN 5 255.00
24/12/2025 12567344692 UPI-664216371486-Tobox Ve ntures Privat IN 0 25.00
27/12/2025 12583665636 UPI-845425843615-SAMUDRAL A SATYANARAY IN 0 10.00
28/12/2025 12588669427 UPI-154618663625-TRIMURTH ULU KALIGINEE IN 0 30.00
28/12/2025 12591955452 UPI-254420323625-Samudral a satyanaraya IN 0 20.00
28/12/2025 12591958800 UPI-254484623625-SAMUDRAL A SATYANARAY IN 0 10.00
29/12/2025 12596193729 UPI-456123663635-Mr MANEM ANIL GOUD IN 0 
----------------------------------
  [MATCH] Date: 2025-12-14 | Amt: 40.0 | Desc: 12505664176 UPI-613399033485-K VIJAY KUMAR REDDY IN 0
  [MATCH] Date: 2025-12-15 | Amt: 65.0 | Desc: 12513239205 UPI-602198833729-TOBOX VE NTURES PRIVAT IN 1
  [MATCH] Date: 2025-12-15 | Amt: 40.0 | Desc: 12515593120 UPI-899212243495-GOWLIKAR BAGHWATHI IN 0
  [MATCH] Date: 2025-12-19 | Amt: 17689.15 | Desc: 12536610305 BBPS Payment received 0
  [MATCH] Date: 2025-12-21 | Amt: 380.0 | Desc: 12552411722 UPI-528392263555-BK REDDY JI FOODS IN 7
  [MATCH] Date: 2025-12-22 | Amt: 255.0 | Desc: 12555841703 UPI-902344255059-Tobox Ve ntures Privat IN 5
  [MATCH] Date: 2025-12-23 | Amt: 255.0 | Desc: 12561722377 UPI-994987679158-Tobox Ve ntures Privat IN 5
  [MATCH] Date: 2025-12-24 | Amt: 25.0 | Desc: 12567344692 UPI-664216371486-Tobox Ve ntures Privat IN 0
  [MATCH] Date: 2025-12-27 | Amt: 10.0 | Desc: 12583665636 UPI-845425843615-SAMUDRAL A SATYANARAY IN 0
  [MATCH] Date: 2025-12-28 | Amt: 30.0 | Desc: 12588669427 UPI-154618663625-TRIMURTH ULU KALIGINEE IN 0
  [MATCH] Date: 2025-12-28 | Amt: 20.0 | Desc: 12591955452 UPI-254420323625-Samudral a satyanaraya IN 0
  [MATCH] Date: 2025-12-28 | Amt: 10.0 | Desc: 12591958800 UPI-254484623625-SAMUDRAL A SATYANARAY IN 0
  [MATCH] Date: 2025-12-29 | Amt: 35.0 | Desc: 12596193729 UPI-456123663635-Mr MANEM ANIL GOUD IN 0
  [MATCH] Date: 2025-12-30 | Amt: 109.0 | Desc: 12600558949 UPI-584411363645-NEERATI CULINARY CANV IN 2
  [MATCH] Date: 2025-12-30 | Amt: 129.0 | Desc: 12601536457 UPI-452080771284-Tobox Ve ntures Privat IN 2
  [MATCH] Date: 2025-12-30 | Amt: 60.0 | Desc: 12601804919 UPI-241757542086-Tobox Ve ntures Privat IN 1

--- Processing CC Page (Fallback) ---
MOST IMPORTANT TERMS AND CONDITIONS (MITC)
To get the complete version of Credit Cards – Most Important Terms and Conditions (MITC), please visit:
ICICI Bank Website>Products>Credit Cards>Terms and Conditions and FAQs>Most Important Terms and Conditions
Or visit the link: https://www.icicibank.com/managed-assets/docs/personal/cards/mitc_cc.pdf
GREAT OFFERS ON YOUR CARD
00005/39981
Page 3 of 8
----------------------------------

--- Processing CC Page (Fallback) ---
IMPORTANT INFORMATION ON YOUR CREDIT CARD
If a No Cost EMI offer is communicated by the merchant during the purchase, the interest benefit
pertaining to this offer will be passed on to the card holder through an instant discount mode or cashback
mode, as per the offer details defined by the merchant. Bank charges interest on every EMI transaction.
Grievances Redressal/Complaints/ Escalations: In the event that you are not satisfied with our
services, you may register your grievance by (i) visiting “Complaint Form” at www.icicibank.com or
(ii) calling at our Customer Care number or writing to Ms. Sharlet Malvankar, The Principal Nodal
Officer, ICICI Bank Ltd Bandra Kurla Complex Mumbai 400051, (Postal Address), Telephone No.:
022-39337979 (Monday to Friday, 10:00 a.m. to 5:00 p.m. excluding Bank holidays), Email:
pno@icicibank.com.
This is an authenticated intimation/statement. Customers are requested to immediately notify the Bank of any discrepancy in the statement.
00005/39981
Page 4
----------------------------------

--- Processing CC Page (Fallback) ---
To report the loss, theft or unauthorised use of card or PIN of credit card, you can use any of the below mentioned
three mediums to block the card
l Send SMS BLOCK space <last 4 digit of card number> to 9215676766 from your registered mobile number
l If you are within India, call on 18002662 and if you are outside India, call on 04071403333
l Go to mobile banking app to block the card (under manage card)
In case you require any further information, you may call our Customer Care (1800 1080) or write to us at
customer.care@icicibank.com
Method of Payment : Payments towards the Credit Card Account to be made through any of the below modes:
1. Scan to Pay
2. UPI
3. National Electronic Funds Transfer (NEFT)
4. Cash
5. Internet Banking
6. Auto Debit
7. Click to Pay
8. iMobile Pay app
9. ICICI Bank ATMs
To keep your Credit Card Account secure and to receive important updates, please ensure that your mobile number
and e-mail ID are correctly updated.
Benefits of updating mobile number and e-
----------------------------------

--- Processing CC Page (Fallback) ---
6 Convenience Fee on Rent Pay on Oct 15, 2023 20.00
7 Tax on Convenience Fee 3.60
8 LPC charged on Oct 29, 2023 600.00
9 Tax on LPC 108.00
10 On statement dated Nov 08, 2023, following interest charges will be levied:
a) Interest on 20th Sep 2023 Transaction 123.29
b) Interest on 15th Oct 2023 Transaction 61.65
11 Total Interest charged (a + b) 184.94
12 GST on Interest 33.29
GST will be applicable on interest charges.
** The above illustration has been prepared assuming that customer is not delinquent prior to the statement
generated on Oct 10, 2023
Page 6 of 8
----------------------------------

--- Processing CC Page (Fallback) ---
Minimum Amount Due Calculation
The Minimum Amount Due (MAD) shall be 5% of the outstanding amount or such other amount as may be
determined by ICICI Bank at its sole discretion. The installment amount due during the statement period will be
added to the Minimum Amount Due. If the total outstanding is more than the credit or cash limit, then the amount
by which the credit or cash limit has been exceeded will also be included in the Minimum Amount Due. Any Fee
charged in the statement over the credit limit will be considered twice in Minimum Amount Due calculation. Fee &
GST on customer’s statement will also be included in the Minimum Amount Due. Minimum Amount Due shall also
include unpaid Minimum Amount Due of the previous statements, if any.
The following illustration will indicate the method of calculating MAD charges:
SL. No Transaction ₹
1 Credit Limit 26,000.00
2 Purchase on Sep 20, 2023 24,000.00
3 Total Amount Due on statement dated Oct 08, 2023 24,000.00
4 Minimum Amount Due on
----------------------------------

--- Processing CC Page (Fallback) ---
** The above illustration has been prepared assuming that customer is not delinquent prior to the statement
generated on Oct 10, 2023 and interest charges are also applicable in Nov 08, 2023 statement.
Late payment Charges Calculation
The Late Payment charges on your card is be a function of the Total Amount Due minus any payment received
before payment due date and will be as follows:
Outstanding = Total Amount due (as of previous statement) – Payment Received before payment due date
Outstanding Amount Late Payment Charges
Less than ₹100 Nil
Between ₹100-₹500 ₹ 100
Between ₹501- ₹1,000 ₹ 500
Between ₹1001- ₹5,000 ₹ 600
Between ₹5,001-₹10,000 ₹ 750
Between ₹10,001-₹25,000 ₹ 900
Between ₹25,001- ₹50,000 ₹ 1,100
More than ₹50,000 ₹ 1,300
The following illustration will indicate the method of calculating Late Payment charges:
SL. No Transaction ₹
1 Purchase on Sep 20, 2023 26,000
2 Total Amount Due on statement dated Oct 08, 2023 (1) 26,000
3 Minimum Amount Due on statement dated Oct 08, 
----------------------------------

--- Processing CC Page (Fallback) ---
GSTIN of SBI Card : 06AAECS5981K1ZV Stmt/Debit Note/Credit Note/Tax Invoice (ORIGINAL FOR RECIPIENT)
VEERAMALLA NAGARJUNA Credit Card Number
XXXX XXXX XXXX XX94
*Total Amount Due ( ` )
1.00
PLACE OF SUPPLY : TEL/36/TELANGANA
**Minimum Amount Due( ` )
STMT No. : B25120897664
CKYC No. : 60093118300241 0.00
Credit Limit( ` ) (including cash) Cash Limit( ` )(as part of credit limit) Statement Date
1,15,000.00 34,500.00 06 Dec 2025
Available Credit Limit ( ` ) Available Cash Limit ( ` ) Payment Due Date
1,14,999.15 34,500.00 26 Dec 2025
ACCOUNT SUMMARY
Additions
Payments,
Previous Balance Reversals & other Purchases & Other Fee, Taxes & Total Outstanding
( ` ) Credits ( ` ) Debits ( ` ) Interest Charges( ` ) ( ` )
36,088.85 36,089.00 1.00 0.00 1.00
SHOP & SMILE SUMMARY
Redeemed/Expired
Previous Balance Earned /Forfeited Closing Balance Points Expiry Details
2975 0 0 2975 NONE
Date Transaction Details Amount ( ` )
for Statement Period: 07 Nov 25 to 06 Dec 25
25 Nov 25 PAYMENT RECEIVED 000DP0
----------------------------------

--- Processing CC Page (Fallback) ---
SAVINGS AND BENEFITS SECTION
For this statement For this year From the card issue date
Cash Back( ` )# 0.00 0.00 0.00
Petrol Surcharge Waiver( ` )# 0.00 0.00 0.00
Reward Points 0 5442 64724
# with effect from transactions dated 17-Nov-2011.
Treatment of EMI benefits / services availed by the cardholder Instant information 24X7, by just sending an SMS to 5676791
once the account turns NPA :
A day after the statement is generated post account Simply
Balance Enquiry: Available Credit & Cash limit:
classification as NPA, all EMI plans (excluding restructured plans) SMS
BAL XXXX AVAIL XXXX
available on the account shall be closed & the principal
outstanding along with the outstanding interest accrued till the Hotlist Lost/Stolen Card: Last Payment Status:
date of such EMI plans shall be debited to the Credit Card BLOCK XXXX PAYMENT XXXX
Account & appear in the subsequent monthly statement. SBI Card Reward Point Summary: Subscribe to Estatement:
shall be entitled to demand immediate repaymen
----------------------------------

--- Processing CC Page (Fallback) ---

----------------------------------

--- Processing CC Page (Fallback) ---

----------------------------------

--- Processing CC Page (Fallback) ---
Schedule of Charges
Annual
Credit Card Name Renewal Fee (Rs.)
Fee (Rs.)
9,999 (Waived off on annual spends of 12 Lakh or more
AURUM 9,999
in the preceding year)
KrisFlyer SBI Card Apex 9,999 9,999
KrisFlyer SBI Card 2,999 2,999
2,999 (Waived off on annual spends of 3 Lakh or more
SBI Card PRIME 2,999
in the preceding year)
2,999 (Waived off on annual spends of 3 Lakh or more
SBI Card PRIME Advantage 2,999
in the preceding year)
1,499 (Waived off on annual spends of 2 Lakh or more
Doctor's SBI Card 1,499 in the preceding year)
1,499 (Waived off on annual spends of 1.5 Lakh or more
Shaurya Select SBI Card 1,499 in the preceding year)
250 (Waived off on annual spends of 50,000 or more
Shaurya SBI Card 250
in the preceding year)
1,499 (Waived off on annual spends of 2 Lakh or more in
SBI Card PULSE 1,499
the preceding year)
999 (Waived off on annual spends of 2 Lakh or more
999
CASHBACK SBI Card
in the preceding year)
499 (Waived off on annual spends of 1 Lakh or more
SimplyCLICK SBI Card 
----------------------------------

--- Processing CC Page (Fallback) ---
Extended Credit
Interest Free Credit Period 20-50 days (applicable only on retail purchases and
if previous month’s outstanding balance is paid in full)
Finance Charges 3.75% p.m. (45% p.a.) for Unsecured Cards; 2.75% p.m.
(33% p.a.) for Shaurya, Defence Cards and Secured cards
1.5% p.m. (18% p.a.) for PM SVANidhi SBI Card
Minimum Finance Charges
`25
Minimum Amount Due 100% of GST + 100% of EMI amount + 100% of Fees/Charges
+ 100% of finance charges + Overlimit Amount (if any) + 2% of
remaining balance outstanding.
Cash Advance
Cash Advance Limit Cash Advance Limit is a part of the overall Credit Limit. Cash
Advance Limit is indicated in the monthly card statement.
Max. cash withdrawal limit is Rs.15,000 per day on MCC -
6011(ATM Withdrawals), subject to Cash Advance Limit
availability.Cash Advance is not available for MCC - 6010
("over-the-counter" cash disbursement).Cash Advance Limit is
not applicable for PM SVANidhi SBI Card.
Free Credit Period
Nil
Finance Charges
3.75% p.m. (45% p
----------------------------------
  [FAIL-AMT] Date found (2021-01-01) but no amount in last 3 tokens: ['tagged', 'as', 'SMA-2.']

--- Processing CC Page (Fallback) ---
Let’s Connect! Let’s Simplify!
For All Card (except AURUM) : 39 02 02 02 (prefix local STD code) or 1860 180 1290
By Phone
By E-mail For All Card (except AURUM) : customercare@sbicard.com
By Web For All Card (except AURUM) : Log on to www.sbicard.com and register
By Letter Write to us at Manager, Customer Correspondence Unit DLF Infinity Towers, TowerC,
12th Floor, Block 2, Building 3, DLF Cyber City, Gurugram – 122002 (Haryana)India or
Post Bag No.28, GPO, New Delhi – 110001
CUSTOMER GRIEVANCE REDRESSAL: All grievance escalations should be marked
to Mr. Prosenjit Dhar (Nodal Officer), SBI Cards at above address or via
email at nodalofficer@sbicard.com. If concern not resolved within 15 days, you may
approach Mr. Manish Dewan - Head, Customer Services at
CustomerServiceHead@sbicard.com
BILLING AND STATEMENT
SBICPSL will send the Cardholder a monthly statement showing the payments credited and the
transactions debited to the Cardholder's Account since the last statement, provided the ca
----------------------------------

--- Processing CC Page (Fallback) ---
GSTIN of SBI Card : 06AAECS5981K1ZV Stmt/Debit Note/Credit Note/Tax Invoice (ORIGINAL FOR RECIPIENT)
VEERAMALLA NAGARJUNA Credit Card Number
XXXX XXXX XXXX XX94
*Total Amount Due ( ` )
1.00
PLACE OF SUPPLY : TEL/36/TELANGANA
**Minimum Amount Due( ` )
STMT No. : B25120897664
CKYC No. : 60093118300241 0.00
Credit Limit( ` ) (including cash) Cash Limit( ` )(as part of credit limit) Statement Date
1,15,000.00 34,500.00 06 Dec 2025
Available Credit Limit ( ` ) Available Cash Limit ( ` ) Payment Due Date
1,14,999.15 34,500.00 26 Dec 2025
ACCOUNT SUMMARY
Additions
Payments,
Previous Balance Reversals & other Purchases & Other Fee, Taxes & Total Outstanding
( ` ) Credits ( ` ) Debits ( ` ) Interest Charges( ` ) ( ` )
36,088.85 36,089.00 1.00 0.00 1.00
SHOP & SMILE SUMMARY
Redeemed/Expired
Previous Balance Earned /Forfeited Closing Balance Points Expiry Details
2975 0 0 2975 NONE
Date Transaction Details Amount ( ` )
for Statement Period: 07 Nov 25 to 06 Dec 25
25 Nov 25 PAYMENT RECEIVED 000DP0
----------------------------------

--- Processing CC Page (Fallback) ---
SAVINGS AND BENEFITS SECTION
For this statement For this year From the card issue date
Cash Back( ` )# 0.00 0.00 0.00
Petrol Surcharge Waiver( ` )# 0.00 0.00 0.00
Reward Points 0 5442 64724
# with effect from transactions dated 17-Nov-2011.
Treatment of EMI benefits / services availed by the cardholder Instant information 24X7, by just sending an SMS to 5676791
once the account turns NPA :
A day after the statement is generated post account Simply
Balance Enquiry: Available Credit & Cash limit:
classification as NPA, all EMI plans (excluding restructured plans) SMS
BAL XXXX AVAIL XXXX
available on the account shall be closed & the principal
outstanding along with the outstanding interest accrued till the Hotlist Lost/Stolen Card: Last Payment Status:
date of such EMI plans shall be debited to the Credit Card BLOCK XXXX PAYMENT XXXX
Account & appear in the subsequent monthly statement. SBI Card Reward Point Summary: Subscribe to Estatement:
shall be entitled to demand immediate repaymen
----------------------------------

--- Processing CC Page (Fallback) ---

----------------------------------

--- Processing CC Page (Fallback) ---

----------------------------------

--- Processing CC Page (Fallback) ---
Schedule of Charges
Annual
Credit Card Name Renewal Fee (Rs.)
Fee (Rs.)
9,999 (Waived off on annual spends of 12 Lakh or more
AURUM 9,999
in the preceding year)
KrisFlyer SBI Card Apex 9,999 9,999
KrisFlyer SBI Card 2,999 2,999
2,999 (Waived off on annual spends of 3 Lakh or more
SBI Card PRIME 2,999
in the preceding year)
2,999 (Waived off on annual spends of 3 Lakh or more
SBI Card PRIME Advantage 2,999
in the preceding year)
1,499 (Waived off on annual spends of 2 Lakh or more
Doctor's SBI Card 1,499 in the preceding year)
1,499 (Waived off on annual spends of 1.5 Lakh or more
Shaurya Select SBI Card 1,499 in the preceding year)
250 (Waived off on annual spends of 50,000 or more
Shaurya SBI Card 250
in the preceding year)
1,499 (Waived off on annual spends of 2 Lakh or more in
SBI Card PULSE 1,499
the preceding year)
999 (Waived off on annual spends of 2 Lakh or more
999
CASHBACK SBI Card
in the preceding year)
499 (Waived off on annual spends of 1 Lakh or more
SimplyCLICK SBI Card 
----------------------------------

--- Processing CC Page (Fallback) ---
Extended Credit
Interest Free Credit Period 20-50 days (applicable only on retail purchases and
if previous month’s outstanding balance is paid in full)
Finance Charges 3.75% p.m. (45% p.a.) for Unsecured Cards; 2.75% p.m.
(33% p.a.) for Shaurya, Defence Cards and Secured cards
1.5% p.m. (18% p.a.) for PM SVANidhi SBI Card
Minimum Finance Charges
`25
Minimum Amount Due 100% of GST + 100% of EMI amount + 100% of Fees/Charges
+ 100% of finance charges + Overlimit Amount (if any) + 2% of
remaining balance outstanding.
Cash Advance
Cash Advance Limit Cash Advance Limit is a part of the overall Credit Limit. Cash
Advance Limit is indicated in the monthly card statement.
Max. cash withdrawal limit is Rs.15,000 per day on MCC -
6011(ATM Withdrawals), subject to Cash Advance Limit
availability.Cash Advance is not available for MCC - 6010
("over-the-counter" cash disbursement).Cash Advance Limit is
not applicable for PM SVANidhi SBI Card.
Free Credit Period
Nil
Finance Charges
3.75% p.m. (45% p
----------------------------------
  [FAIL-AMT] Date found (2021-01-01) but no amount in last 3 tokens: ['tagged', 'as', 'SMA-2.']

--- Processing CC Page (Fallback) ---
Let’s Connect! Let’s Simplify!
For All Card (except AURUM) : 39 02 02 02 (prefix local STD code) or 1860 180 1290
By Phone
By E-mail For All Card (except AURUM) : customercare@sbicard.com
By Web For All Card (except AURUM) : Log on to www.sbicard.com and register
By Letter Write to us at Manager, Customer Correspondence Unit DLF Infinity Towers, TowerC,
12th Floor, Block 2, Building 3, DLF Cyber City, Gurugram – 122002 (Haryana)India or
Post Bag No.28, GPO, New Delhi – 110001
CUSTOMER GRIEVANCE REDRESSAL: All grievance escalations should be marked
to Mr. Prosenjit Dhar (Nodal Officer), SBI Cards at above address or via
email at nodalofficer@sbicard.com. If concern not resolved within 15 days, you may
approach Mr. Manish Dewan - Head, Customer Services at
CustomerServiceHead@sbicard.com
BILLING AND STATEMENT
SBICPSL will send the Cardholder a monthly statement showing the payments credited and the
transactions debited to the Cardholder's Account since the last statement, provided the ca
----------------------------------

--- Processing CC Page (Fallback) ---
GSTIN of SBI Card : 06AAECS5981K1ZV Stmt/Debit Note/Credit Note/Tax Invoice (ORIGINAL FOR RECIPIENT)
VEERAMALLA NAGARJUNA Credit Card Number
XXXX XXXX XXXX XX94
*Total Amount Due ( ` )
1.00
PLACE OF SUPPLY : TEL/36/TELANGANA
**Minimum Amount Due( ` )
STMT No. : B25120897664
CKYC No. : 60093118300241 0.00
Credit Limit( ` ) (including cash) Cash Limit( ` )(as part of credit limit) Statement Date
1,15,000.00 34,500.00 06 Dec 2025
Available Credit Limit ( ` ) Available Cash Limit ( ` ) Payment Due Date
1,14,999.15 34,500.00 26 Dec 2025
ACCOUNT SUMMARY
Additions
Payments,
Previous Balance Reversals & other Purchases & Other Fee, Taxes & Total Outstanding
( ` ) Credits ( ` ) Debits ( ` ) Interest Charges( ` ) ( ` )
36,088.85 36,089.00 1.00 0.00 1.00
SHOP & SMILE SUMMARY
Redeemed/Expired
Previous Balance Earned /Forfeited Closing Balance Points Expiry Details
2975 0 0 2975 NONE
Date Transaction Details Amount ( ` )
for Statement Period: 07 Nov 25 to 06 Dec 25
25 Nov 25 PAYMENT RECEIVED 000DP0
----------------------------------

--- Processing CC Page (Fallback) ---
SAVINGS AND BENEFITS SECTION
For this statement For this year From the card issue date
Cash Back( ` )# 0.00 0.00 0.00
Petrol Surcharge Waiver( ` )# 0.00 0.00 0.00
Reward Points 0 5442 64724
# with effect from transactions dated 17-Nov-2011.
Treatment of EMI benefits / services availed by the cardholder Instant information 24X7, by just sending an SMS to 5676791
once the account turns NPA :
A day after the statement is generated post account Simply
Balance Enquiry: Available Credit & Cash limit:
classification as NPA, all EMI plans (excluding restructured plans) SMS
BAL XXXX AVAIL XXXX
available on the account shall be closed & the principal
outstanding along with the outstanding interest accrued till the Hotlist Lost/Stolen Card: Last Payment Status:
date of such EMI plans shall be debited to the Credit Card BLOCK XXXX PAYMENT XXXX
Account & appear in the subsequent monthly statement. SBI Card Reward Point Summary: Subscribe to Estatement:
shall be entitled to demand immediate repaymen
----------------------------------

--- Processing CC Page (Fallback) ---

----------------------------------

--- Processing CC Page (Fallback) ---

----------------------------------

--- Processing CC Page (Fallback) ---
Schedule of Charges
Annual
Credit Card Name Renewal Fee (Rs.)
Fee (Rs.)
9,999 (Waived off on annual spends of 12 Lakh or more
AURUM 9,999
in the preceding year)
KrisFlyer SBI Card Apex 9,999 9,999
KrisFlyer SBI Card 2,999 2,999
2,999 (Waived off on annual spends of 3 Lakh or more
SBI Card PRIME 2,999
in the preceding year)
2,999 (Waived off on annual spends of 3 Lakh or more
SBI Card PRIME Advantage 2,999
in the preceding year)
1,499 (Waived off on annual spends of 2 Lakh or more
Doctor's SBI Card 1,499 in the preceding year)
1,499 (Waived off on annual spends of 1.5 Lakh or more
Shaurya Select SBI Card 1,499 in the preceding year)
250 (Waived off on annual spends of 50,000 or more
Shaurya SBI Card 250
in the preceding year)
1,499 (Waived off on annual spends of 2 Lakh or more in
SBI Card PULSE 1,499
the preceding year)
999 (Waived off on annual spends of 2 Lakh or more
999
CASHBACK SBI Card
in the preceding year)
499 (Waived off on annual spends of 1 Lakh or more
SimplyCLICK SBI Card 
----------------------------------

--- Processing CC Page (Fallback) ---
Extended Credit
Interest Free Credit Period 20-50 days (applicable only on retail purchases and
if previous month’s outstanding balance is paid in full)
Finance Charges 3.75% p.m. (45% p.a.) for Unsecured Cards; 2.75% p.m.
(33% p.a.) for Shaurya, Defence Cards and Secured cards
1.5% p.m. (18% p.a.) for PM SVANidhi SBI Card
Minimum Finance Charges
`25
Minimum Amount Due 100% of GST + 100% of EMI amount + 100% of Fees/Charges
+ 100% of finance charges + Overlimit Amount (if any) + 2% of
remaining balance outstanding.
Cash Advance
Cash Advance Limit Cash Advance Limit is a part of the overall Credit Limit. Cash
Advance Limit is indicated in the monthly card statement.
Max. cash withdrawal limit is Rs.15,000 per day on MCC -
6011(ATM Withdrawals), subject to Cash Advance Limit
availability.Cash Advance is not available for MCC - 6010
("over-the-counter" cash disbursement).Cash Advance Limit is
not applicable for PM SVANidhi SBI Card.
Free Credit Period
Nil
Finance Charges
3.75% p.m. (45% p
----------------------------------
  [FAIL-AMT] Date found (2021-01-01) but no amount in last 3 tokens: ['tagged', 'as', 'SMA-2.']

--- Processing CC Page (Fallback) ---
Let’s Connect! Let’s Simplify!
For All Card (except AURUM) : 39 02 02 02 (prefix local STD code) or 1860 180 1290
By Phone
By E-mail For All Card (except AURUM) : customercare@sbicard.com
By Web For All Card (except AURUM) : Log on to www.sbicard.com and register
By Letter Write to us at Manager, Customer Correspondence Unit DLF Infinity Towers, TowerC,
12th Floor, Block 2, Building 3, DLF Cyber City, Gurugram – 122002 (Haryana)India or
Post Bag No.28, GPO, New Delhi – 110001
CUSTOMER GRIEVANCE REDRESSAL: All grievance escalations should be marked
to Mr. Prosenjit Dhar (Nodal Officer), SBI Cards at above address or via
email at nodalofficer@sbicard.com. If concern not resolved within 15 days, you may
approach Mr. Manish Dewan - Head, Customer Services at
CustomerServiceHead@sbicard.com
BILLING AND STATEMENT
SBICPSL will send the Cardholder a monthly statement showing the payments credited and the
transactions debited to the Cardholder's Account since the last statement, provided the ca
----------------------------------
